build/app/intermediates/manifest_merge_blame_file/debug/manifest-merger-blame-debug-report.txt
1<?xml version="1.0" encoding="utf-8"?>
2<manifest xmlns:android="http://schemas.android.com/apk/res/android"
3    package="com.example.mktransfert"
4    android:versionCode="1"
5    android:versionName="1.0.0" >
6
7    <uses-sdk
8        android:minSdkVersion="19"
9        android:targetSdkVersion="28" />
10    <!--
11         Flutter needs it to communicate with the running application
12         to allow setting breakpoints, to provide hot reload, etc.
13    -->
14    <uses-permission android:name="android.permission.INTERNET" />
14-->src/debug/AndroidManifest.xml:6:5-66
14-->src/debug/AndroidManifest.xml:6:22-64
15    <!-- Include required permissions for Google Maps API to run. -->
16    <uses-permission android:name="android.permission.ACCESS_NETWORK_STATE" />
16-->[com.google.android.gms:play-services-maps:17.0.0] AndroidManifest.xml:23:5-79
16-->[com.google.android.gms:play-services-maps:17.0.0] AndroidManifest.xml:23:22-76
17
18    <uses-feature
18-->[com.google.android.gms:play-services-maps:17.0.0] AndroidManifest.xml:26:5-28:35
19        android:glEsVersion="0x00020000"
19-->[com.google.android.gms:play-services-maps:17.0.0] AndroidManifest.xml:27:9-41
20        android:required="true" />
20-->[com.google.android.gms:play-services-maps:17.0.0] AndroidManifest.xml:28:9-32
21
22    <uses-permission android:name="android.permission.WAKE_LOCK" /> <!-- Required by older versions of Google Play services to create IID tokens -->
22-->[com.google.android.gms:play-services-measurement-api:17.4.1] AndroidManifest.xml:24:5-68
22-->[com.google.android.gms:play-services-measurement-api:17.4.1] AndroidManifest.xml:24:22-65
23    <uses-permission android:name="com.google.android.c2dm.permission.RECEIVE" />
23-->[com.google.firebase:firebase-iid:20.1.5] AndroidManifest.xml:26:5-82
23-->[com.google.firebase:firebase-iid:20.1.5] AndroidManifest.xml:26:22-79
24    <uses-permission android:name="com.google.android.finsky.permission.BIND_GET_INSTALL_REFERRER_SERVICE" />
24-->[com.google.android.gms:play-services-measurement:17.4.1] AndroidManifest.xml:26:5-110
24-->[com.google.android.gms:play-services-measurement:17.4.1] AndroidManifest.xml:26:22-107
25    <!--
26 io.flutter.app.FlutterApplication is an android.app.Application that
27         calls FlutterMain.startInitialization(this); in its onCreate method.
28         In most cases you can leave this as-is, but you if you want to provide
29         additional functionality it is fine to subclass or reimplement
30         FlutterApplication and put your custom class here.
31    -->
32    <application
32-->src/main/AndroidManifest.xml:8:5-46:19
33        android:name="io.flutter.app.FlutterApplication"
33-->src/main/AndroidManifest.xml:9:9-57
34        android:appComponentFactory="androidx.core.app.CoreComponentFactory"
34-->[androidx.core:core:1.1.0] AndroidManifest.xml:24:18-86
35        android:debuggable="true"
36        android:icon="@mipmap/ic_launcher"
36-->src/main/AndroidManifest.xml:11:9-43
37        android:label="mktransfert"
37-->src/main/AndroidManifest.xml:10:9-36
38        android:theme="@style/Theme.AppCompat.Light.NoActionBar" >
38-->[:stripe_payment] AndroidManifest.xml:11:18-74
39        <activity
39-->src/main/AndroidManifest.xml:12:9-40:20
40            android:name="com.example.mktransfert.MainActivity"
40-->src/main/AndroidManifest.xml:13:13-41
41            android:configChanges="orientation|keyboardHidden|keyboard|screenSize|smallestScreenSize|locale|layoutDirection|fontScale|screenLayout|density|uiMode"
41-->src/main/AndroidManifest.xml:16:13-163
42            android:hardwareAccelerated="true"
42-->src/main/AndroidManifest.xml:17:13-47
43            android:launchMode="singleTop"
43-->src/main/AndroidManifest.xml:14:13-43
44            android:theme="@style/LaunchTheme"
44-->src/main/AndroidManifest.xml:15:13-47
45            android:windowSoftInputMode="adjustResize" >
45-->src/main/AndroidManifest.xml:18:13-55
46
47            <!--
48                 Specifies an Android theme to apply to this Activity as soon as
49                 the Android process has started. This theme is visible to the user
50                 while the Flutter UI initializes. After that, this theme continues
51                 to determine the Window background behind the Flutter UI.
52            -->
53            <meta-data
53-->src/main/AndroidManifest.xml:23:13-26:17
54                android:name="io.flutter.embedding.android.NormalTheme"
54-->src/main/AndroidManifest.xml:24:15-70
55                android:resource="@style/NormalTheme" />
55-->src/main/AndroidManifest.xml:25:15-52
56            <!--
57                 Displays an Android View that continues showing the launch screen
58                 Drawable until Flutter paints its first frame, then this splash
59                 screen fades out. A splash screen is useful to avoid any visual
60                 gap between the end of Android's launch screen and the painting of
61                 Flutter's first frame.
62            -->
63            <meta-data
63-->src/main/AndroidManifest.xml:32:13-35:17
64                android:name="io.flutter.embedding.android.SplashScreenDrawable"
64-->src/main/AndroidManifest.xml:33:15-79
65                android:resource="@drawable/launch_background" />
65-->src/main/AndroidManifest.xml:34:15-61
66
67            <intent-filter>
67-->src/main/AndroidManifest.xml:36:13-39:29
68                <action android:name="android.intent.action.MAIN" />
68-->src/main/AndroidManifest.xml:37:17-68
68-->src/main/AndroidManifest.xml:37:25-66
69
70                <category android:name="android.intent.category.LAUNCHER" />
70-->src/main/AndroidManifest.xml:38:17-76
70-->src/main/AndroidManifest.xml:38:27-74
71            </intent-filter>
72        </activity>
73        <!--
74             Don't delete the meta-data below.
75             This is used by the Flutter tool to generate GeneratedPluginRegistrant.java
76        -->
77        <meta-data
77-->src/main/AndroidManifest.xml:43:9-45:33
78            android:name="flutterEmbedding"
78-->src/main/AndroidManifest.xml:44:13-44
79            android:value="2" />
79-->src/main/AndroidManifest.xml:45:13-30
80        <meta-data
80-->[:stripe_payment] AndroidManifest.xml:12:9-14:36
81            android:name="com.google.android.gms.wallet.api.enabled"
81-->[:stripe_payment] AndroidManifest.xml:13:13-69
82            android:value="true" />
82-->[:stripe_payment] AndroidManifest.xml:14:13-33
83
84        <activity
84-->[:stripe_payment] AndroidManifest.xml:16:9-20:75
85            android:name="com.gettipsi.stripe.OpenBrowserActivity"
85-->[:stripe_payment] AndroidManifest.xml:17:13-67
86            android:exported="false"
86-->[:stripe_payment] AndroidManifest.xml:18:13-37
87            android:launchMode="singleTask"
87-->[:stripe_payment] AndroidManifest.xml:19:13-44
88            android:theme="@android:style/Theme.Translucent.NoTitleBar" />
88-->[:stripe_payment] AndroidManifest.xml:20:13-72
89        <activity
89-->[:stripe_payment] AndroidManifest.xml:21:9-34:20
90            android:name="com.gettipsi.stripe.RedirectUriReceiver"
90-->[:stripe_payment] AndroidManifest.xml:22:13-67
91            android:exported="true"
91-->[:stripe_payment] AndroidManifest.xml:23:13-36
92            android:launchMode="singleTask"
92-->[:stripe_payment] AndroidManifest.xml:24:13-44
93            android:theme="@android:style/Theme.Translucent.NoTitleBar.Fullscreen" >
93-->[:stripe_payment] AndroidManifest.xml:25:13-83
94            <intent-filter>
94-->[:stripe_payment] AndroidManifest.xml:26:13-33:29
95                <action android:name="android.intent.action.VIEW" />
95-->[:stripe_payment] AndroidManifest.xml:27:17-69
95-->[:stripe_payment] AndroidManifest.xml:27:25-66
96
97                <category android:name="android.intent.category.DEFAULT" />
97-->[:stripe_payment] AndroidManifest.xml:29:17-76
97-->[:stripe_payment] AndroidManifest.xml:29:27-73
98                <category android:name="android.intent.category.BROWSABLE" />
98-->[:stripe_payment] AndroidManifest.xml:30:17-78
98-->[:stripe_payment] AndroidManifest.xml:30:27-75
99
100                <data android:scheme="example" />
100-->[:stripe_payment] AndroidManifest.xml:32:17-50
100-->[:stripe_payment] AndroidManifest.xml:32:23-47
101            </intent-filter>
102        </activity>
103
104        <service
104-->[:firebase_core] AndroidManifest.xml:8:9-12:19
105            android:name="com.google.firebase.components.ComponentDiscoveryService"
105-->[:firebase_core] AndroidManifest.xml:8:18-89
106            android:directBootAware="true"
106-->[com.google.firebase:firebase-common:19.3.0] AndroidManifest.xml:34:13-43
107            android:exported="false" >
107-->[com.google.android.gms:play-services-measurement-api:17.4.1] AndroidManifest.xml:29:13-37
108            <meta-data
108-->[:firebase_core] AndroidManifest.xml:9:13-11:85
109                android:name="com.google.firebase.components:io.flutter.plugins.firebase.core.FlutterFirebaseCoreRegistrar"
109-->[:firebase_core] AndroidManifest.xml:10:17-124
110                android:value="com.google.firebase.components.ComponentRegistrar" />
110-->[:firebase_core] AndroidManifest.xml:11:17-82
111            <meta-data
111-->[com.google.android.gms:play-services-measurement-api:17.4.1] AndroidManifest.xml:30:13-32:85
112                android:name="com.google.firebase.components:com.google.firebase.analytics.connector.internal.AnalyticsConnectorRegistrar"
112-->[com.google.android.gms:play-services-measurement-api:17.4.1] AndroidManifest.xml:31:17-139
113                android:value="com.google.firebase.components.ComponentRegistrar" />
113-->[com.google.android.gms:play-services-measurement-api:17.4.1] AndroidManifest.xml:32:17-82
114            <meta-data
114-->[com.google.firebase:firebase-iid:20.1.5] AndroidManifest.xml:32:13-34:85
115                android:name="com.google.firebase.components:com.google.firebase.iid.Registrar"
115-->[com.google.firebase:firebase-iid:20.1.5] AndroidManifest.xml:33:17-96
116                android:value="com.google.firebase.components.ComponentRegistrar" />
116-->[com.google.firebase:firebase-iid:20.1.5] AndroidManifest.xml:34:17-82
117            <meta-data
117-->[com.google.firebase:firebase-installations:16.2.1] AndroidManifest.xml:17:13-19:85
118                android:name="com.google.firebase.components:com.google.firebase.installations.FirebaseInstallationsRegistrar"
118-->[com.google.firebase:firebase-installations:16.2.1] AndroidManifest.xml:18:17-127
119                android:value="com.google.firebase.components.ComponentRegistrar" />
119-->[com.google.firebase:firebase-installations:16.2.1] AndroidManifest.xml:19:17-82
120        </service>
121
122        <activity
122-->[com.stripe:stripe-android:10.4.6] AndroidManifest.xml:12:9-14:57
123            android:name="com.stripe.android.view.AddPaymentMethodActivity"
123-->[com.stripe:stripe-android:10.4.6] AndroidManifest.xml:13:13-76
124            android:theme="@style/StripeDefaultTheme" />
124-->[com.stripe:stripe-android:10.4.6] AndroidManifest.xml:14:13-54
125        <activity
125-->[com.stripe:stripe-android:10.4.6] AndroidManifest.xml:15:9-17:57
126            android:name="com.stripe.android.view.PaymentMethodsActivity"
126-->[com.stripe:stripe-android:10.4.6] AndroidManifest.xml:16:13-74
127            android:theme="@style/StripeDefaultTheme" />
127-->[com.stripe:stripe-android:10.4.6] AndroidManifest.xml:17:13-54
128        <activity
128-->[com.stripe:stripe-android:10.4.6] AndroidManifest.xml:18:9-20:57
129            android:name="com.stripe.android.view.PaymentFlowActivity"
129-->[com.stripe:stripe-android:10.4.6] AndroidManifest.xml:19:13-71
130            android:theme="@style/StripeDefaultTheme" />
130-->[com.stripe:stripe-android:10.4.6] AndroidManifest.xml:20:13-54
131        <activity
131-->[com.stripe:stripe-android:10.4.6] AndroidManifest.xml:21:9-23:57
132            android:name="com.stripe.android.view.PaymentAuthWebViewActivity"
132-->[com.stripe:stripe-android:10.4.6] AndroidManifest.xml:22:13-78
133            android:theme="@style/StripeDefaultTheme" />
133-->[com.stripe:stripe-android:10.4.6] AndroidManifest.xml:23:13-54
134        <activity
134-->[com.stripe:stripe-android:10.4.6] AndroidManifest.xml:24:9-26:57
135            android:name="com.stripe.android.view.PaymentRelayActivity"
135-->[com.stripe:stripe-android:10.4.6] AndroidManifest.xml:25:13-72
136            android:theme="@style/StripeDefaultTheme" />
136-->[com.stripe:stripe-android:10.4.6] AndroidManifest.xml:26:13-54
137        <activity
137-->[com.stripe:stripe-3ds2-android:1.2.2] AndroidManifest.xml:12:9-14:54
138            android:name="com.stripe.android.stripe3ds2.views.ChallengeActivity"
138-->[com.stripe:stripe-3ds2-android:1.2.2] AndroidManifest.xml:13:13-81
139            android:theme="@style/Stripe3DS2Theme" />
139-->[com.stripe:stripe-3ds2-android:1.2.2] AndroidManifest.xml:14:13-51
140        <activity
140-->[com.stripe:stripe-3ds2-android:1.2.2] AndroidManifest.xml:15:9-17:54
141            android:name="com.stripe.android.stripe3ds2.views.ChallengeProgressDialogActivity"
141-->[com.stripe:stripe-3ds2-android:1.2.2] AndroidManifest.xml:16:13-95
142            android:theme="@style/Stripe3DS2Theme" /> <!-- Needs to be explicitly declared on P+ -->
142-->[com.stripe:stripe-3ds2-android:1.2.2] AndroidManifest.xml:17:13-51
143        <uses-library
143-->[com.google.android.gms:play-services-maps:17.0.0] AndroidManifest.xml:33:9-35:40
144            android:name="org.apache.http.legacy"
144-->[com.google.android.gms:play-services-maps:17.0.0] AndroidManifest.xml:34:13-50
145            android:required="false" />
145-->[com.google.android.gms:play-services-maps:17.0.0] AndroidManifest.xml:35:13-37
146
147        <receiver
147-->[com.google.firebase:firebase-iid:20.1.5] AndroidManifest.xml:37:9-44:20
148            android:name="com.google.firebase.iid.FirebaseInstanceIdReceiver"
148-->[com.google.firebase:firebase-iid:20.1.5] AndroidManifest.xml:38:13-78
149            android:exported="true"
149-->[com.google.firebase:firebase-iid:20.1.5] AndroidManifest.xml:39:13-36
150            android:permission="com.google.android.c2dm.permission.SEND" >
150-->[com.google.firebase:firebase-iid:20.1.5] AndroidManifest.xml:40:13-73
151            <intent-filter>
151-->[com.google.firebase:firebase-iid:20.1.5] AndroidManifest.xml:41:13-43:29
152                <action android:name="com.google.android.c2dm.intent.RECEIVE" />
152-->[com.google.firebase:firebase-iid:20.1.5] AndroidManifest.xml:42:17-81
152-->[com.google.firebase:firebase-iid:20.1.5] AndroidManifest.xml:42:25-78
153            </intent-filter>
154        </receiver>
155
156        <activity
156-->[com.google.android.gms:play-services-base:17.0.0] AndroidManifest.xml:23:9-26:75
157            android:name="com.google.android.gms.common.api.GoogleApiActivity"
157-->[com.google.android.gms:play-services-base:17.0.0] AndroidManifest.xml:24:13-79
158            android:exported="false"
158-->[com.google.android.gms:play-services-base:17.0.0] AndroidManifest.xml:25:13-37
159            android:theme="@android:style/Theme.Translucent.NoTitleBar" />
159-->[com.google.android.gms:play-services-base:17.0.0] AndroidManifest.xml:26:13-72
160
161        <provider
161-->[com.google.firebase:firebase-common:19.3.0] AndroidManifest.xml:26:9-30:39
162            android:name="com.google.firebase.provider.FirebaseInitProvider"
162-->[com.google.firebase:firebase-common:19.3.0] AndroidManifest.xml:27:13-77
163            android:authorities="com.example.mktransfert.firebaseinitprovider"
163-->[com.google.firebase:firebase-common:19.3.0] AndroidManifest.xml:28:13-72
164            android:exported="false"
164-->[com.google.firebase:firebase-common:19.3.0] AndroidManifest.xml:29:13-37
165            android:initOrder="100" />
165-->[com.google.firebase:firebase-common:19.3.0] AndroidManifest.xml:30:13-36
166
167        <receiver
167-->[com.google.android.gms:play-services-measurement:17.4.1] AndroidManifest.xml:29:9-33:20
168            android:name="com.google.android.gms.measurement.AppMeasurementReceiver"
168-->[com.google.android.gms:play-services-measurement:17.4.1] AndroidManifest.xml:30:13-85
169            android:enabled="true"
169-->[com.google.android.gms:play-services-measurement:17.4.1] AndroidManifest.xml:31:13-35
170            android:exported="false" >
170-->[com.google.android.gms:play-services-measurement:17.4.1] AndroidManifest.xml:32:13-37
171        </receiver>
172
173        <service
173-->[com.google.android.gms:play-services-measurement:17.4.1] AndroidManifest.xml:35:9-38:40
174            android:name="com.google.android.gms.measurement.AppMeasurementService"
174-->[com.google.android.gms:play-services-measurement:17.4.1] AndroidManifest.xml:36:13-84
175            android:enabled="true"
175-->[com.google.android.gms:play-services-measurement:17.4.1] AndroidManifest.xml:37:13-35
176            android:exported="false" />
176-->[com.google.android.gms:play-services-measurement:17.4.1] AndroidManifest.xml:38:13-37
177        <service
177-->[com.google.android.gms:play-services-measurement:17.4.1] AndroidManifest.xml:39:9-43:72
178            android:name="com.google.android.gms.measurement.AppMeasurementJobService"
178-->[com.google.android.gms:play-services-measurement:17.4.1] AndroidManifest.xml:40:13-87
179            android:enabled="true"
179-->[com.google.android.gms:play-services-measurement:17.4.1] AndroidManifest.xml:41:13-35
180            android:exported="false"
180-->[com.google.android.gms:play-services-measurement:17.4.1] AndroidManifest.xml:42:13-37
181            android:permission="android.permission.BIND_JOB_SERVICE" />
181-->[com.google.android.gms:play-services-measurement:17.4.1] AndroidManifest.xml:43:13-69
182
183        <meta-data
183-->[com.google.android.gms:play-services-basement:17.0.0] AndroidManifest.xml:23:9-25:69
184            android:name="com.google.android.gms.version"
184-->[com.google.android.gms:play-services-basement:17.0.0] AndroidManifest.xml:24:13-58
185            android:value="@integer/google_play_services_version" />
185-->[com.google.android.gms:play-services-basement:17.0.0] AndroidManifest.xml:25:13-66
186    </application>
187
188</manifest>